TN:
SF:controllers\user.js
FN:3,(anonymous_0)
FN:20,(anonymous_1)
FNF:2
FNH:1
FNDA:3,(anonymous_0)
FNDA:0,(anonymous_1)
DA:1,1
DA:3,1
DA:4,3
DA:5,3
DA:7,2
DA:8,1
DA:9,1
DA:11,1
DA:15,1
DA:16,1
DA:20,1
DA:21,0
DA:22,0
DA:24,0
DA:25,0
DA:26,0
DA:28,0
DA:31,0
DA:32,0
LF:19
LH:11
BRDA:7,0,0,1
BRDA:7,0,1,1
BRDA:24,1,0,0
BRDA:24,1,1,0
BRF:4
BRH:2
end_of_record
TN:
SF:middlewares\index.js
FN:1,(anonymous_0)
FN:9,(anonymous_1)
FNF:2
FNH:1
FNDA:2,(anonymous_0)
FNDA:0,(anonymous_1)
DA:1,1
DA:2,2
DA:3,1
DA:5,1
DA:9,1
DA:10,0
DA:11,0
DA:13,0
DA:14,0
LF:9
LH:5
BRDA:2,0,0,1
BRDA:2,0,1,1
BRDA:10,1,0,0
BRDA:10,1,1,0
BRF:4
BRH:2
end_of_record
TN:
SF:models\user.js
FN:4,(anonymous_0)
FN:40,(anonymous_1)
FNF:2
FNH:0
FNDA:0,(anonymous_0)
FNDA:0,(anonymous_1)
DA:1,1
DA:3,1
DA:5,0
DA:41,0
DA:42,0
DA:47,0
LF:6
LH:2
BRF:0
BRH:0
end_of_record
